2021-11-08 11:31:41,340 bid00112 security-openid-connect-quickstart-dev.jar[23724] INFO  [io.quarkus] (Quarkus Main Thread) security-openid-connect-quickstart 1.0.0-SNAPSHOT on JVM (powered by Quarkus 2.4.1.Final) started in 48.374s. Listening on: http://localhost:8777
2021-11-08 11:31:41,344 bid00112 security-openid-connect-quickstart-dev.jar[23724] INFO  [io.quarkus] (Quarkus Main Thread) Profile dev activated. Live Coding activated.
2021-11-08 11:31:41,346 bid00112 security-openid-connect-quickstart-dev.jar[23724] INFO  [io.quarkus] (Quarkus Main Thread) Installed features: [cdi, oidc, oidc-client, oidc-client-filter, rest-client, resteasy, resteasy-jackson, security, smallrye-context-propagation, vertx]
2021-11-08 11:32:00,925 bid00112 security-openid-connect-quickstart-dev.jar[23724] INFO  [io.qua.oid.dep.dev.OidcAuthorizationCodePostHandler] (DEV Console action) Using authorization_code grant to get a token from 'http://localhost:60495/auth/realms/quarkus/protocol/openid-connect/token' with client id 'backend-service'
2021-11-08 11:32:06,425 bid00112 security-openid-connect-quickstart-dev.jar[23724] INFO  [io.qua.oid.dep.dev.OidcTestServiceHandler] (DEV Console action) Test token: eyJhbGciOiJSUzI1NiIsInR5cCIgOiAiSldUIiwia2lkIiA6ICJjZklBRE5feHhDSm1Wa1d5Ti1QTlhFRXZNVVdzMnI2OEN4dG1oRUROelhVIn0.eyJleHAiOjE2MzYzODk0MjcsImlhdCI6MTYzNjM4OTEyNywiYXV0aF90aW1lIjoxNjM2Mzg5MTI2LCJqdGkiOiI2YWMzYmJlYy1mNWU3LTQ0NmYtYmYyOC1hZjc4NDY2ODEyNmYiLCJpc3MiOiJodHRwOi8vbG9jYWxob3N0OjYwNDk1L2F1dGgvcmVhbG1zL3F1YXJrdXMiLCJzdWIiOiJhZjEzNGNhYi1mNDFjLTQ2NzUtYjE0MS0yMDVmOTc1ZGI2NzkiLCJ0eXAiOiJCZWFyZXIiLCJhenAiOiJiYWNrZW5kLXNlcnZpY2UiLCJub25jZSI6IlJRa1hwNUkiLCJzZXNzaW9uX3N0YXRlIjoiOGYwZDdjM2EtNmQ5Yy00Yzg0LTliYWQtMTMyZDM2MDIxOTIyIiwiYWNyIjoiMSIsInJlYWxtX2FjY2VzcyI6eyJyb2xlcyI6WyJhZG1pbiIsInVzZXIiXX0sInNjb3BlIjoib3BlbmlkIGVtYWlsIHByb2ZpbGUiLCJzaWQiOiI4ZjBkN2MzYS02ZDljLTRjODQtOWJhZC0xMzJkMzYwMjE5MjIiLCJlbWFpbF92ZXJpZmllZCI6ZmFsc2UsInByZWZlcnJlZF91c2VybmFtZSI6ImFkbWluIn0.TCfDyc6pt29AdOMBdG3QwRe9tysiBlWvvQDAGUriZZSHpIPjEn6guSScnmMCkg31N9wyVb_VQ5jGfRcjPk_Q6Lx1YPb8WbuuBrCXLygJSVPuHzRj8v5iZVKP69WJc1mTkEzmN0htovz78Y9mY846YluuIigdej9Y7yH9cCI6wNWpIgyus-DAasgznRYCiiDtABHyegiBU8l-0T3zVqb8Gj4ez5ZfHCz-jlCx7CPTTSY7UNJcB1T3b3WCIk6kDZ8qcJUFTJjhDEuMsrvNChOBKrtjcy-JZnSIba_PL6FgDpcXoZIqytOZ6adfaOwoZYz_ZRBRhPMCP-vkDvdOL3KE6A
2021-11-08 11:32:06,431 bid00112 security-openid-connect-quickstart-dev.jar[23724] INFO  [io.qua.oid.dep.dev.OidcTestServiceHandler] (DEV Console action) Sending token to 'http://localhost:8777/api/users/meRest'
2021-11-08 11:32:06,628 bid00112 security-openid-connect-quickstart-dev.jar[23724] ERROR [io.qua.ver.htt.run.QuarkusErrorHandler] (executor-thread-0) HTTP Request to /api/users/meRest failed, error id: 04d793dd-741e-43ca-a1f5-b559b759e323-1: org.jboss.resteasy.spi.UnhandledException: io.quarkus.oidc.client.runtime.DisabledOidcClientException: 'Default' client configuration is not initialized
	at org.jboss.resteasy.core.ExceptionHandler.handleApplicationException(ExceptionHandler.java:106)
	at org.jboss.resteasy.core.ExceptionHandler.handleException(ExceptionHandler.java:372)
	at org.jboss.resteasy.core.SynchronousDispatcher.writeException(SynchronousDispatcher.java:218)
	at org.jboss.resteasy.core.SynchronousDispatcher.invoke(SynchronousDispatcher.java:519)
	at org.jboss.resteasy.core.SynchronousDispatcher.lambda$invoke$4(SynchronousDispatcher.java:261)
	at org.jboss.resteasy.core.SynchronousDispatcher.lambda$preprocess$0(SynchronousDispatcher.java:161)
	at org.jboss.resteasy.core.interception.jaxrs.PreMatchContainerRequestContext.filter(PreMatchContainerRequestContext.java:364)
	at org.jboss.resteasy.core.SynchronousDispatcher.preprocess(SynchronousDispatcher.java:164)
	at org.jboss.resteasy.core.SynchronousDispatcher.invoke(SynchronousDispatcher.java:247)
	at io.quarkus.resteasy.runtime.standalone.RequestDispatcher.service(RequestDispatcher.java:73)
	at io.quarkus.resteasy.runtime.standalone.VertxRequestHandler.dispatch(VertxRequestHandler.java:135)
	at io.quarkus.resteasy.runtime.standalone.VertxRequestHandler$1.run(VertxRequestHandler.java:90)
	at io.quarkus.vertx.core.runtime.VertxCoreRecorder$13.runWith(VertxCoreRecorder.java:543)
	at org.jboss.threads.EnhancedQueueExecutor$Task.run(EnhancedQueueExecutor.java:2449)
	at org.jboss.threads.EnhancedQueueExecutor$ThreadBody.run(EnhancedQueueExecutor.java:1478)
	at org.jboss.threads.DelegatingRunnable.run(DelegatingRunnable.java:29)
	at org.jboss.threads.ThreadLocalResettingRunnable.run(ThreadLocalResettingRunnable.java:29)
	at io.netty.util.concurrent.FastThreadLocalRunnable.run(FastThreadLocalRunnable.java:30)
	at java.base/java.lang.Thread.run(Thread.java:834)
Caused by: io.quarkus.oidc.client.runtime.DisabledOidcClientException: 'Default' client configuration is not initialized
	at io.quarkus.oidc.client.runtime.OidcClientRecorder$DisabledOidcClient.getTokens(OidcClientRecorder.java:210)
	at io.quarkus.oidc.client.OidcClient.getTokens(OidcClient.java:18)
	at io.quarkus.oidc.client.runtime.TokensHelper.initTokens(TokensHelper.java:20)
	at io.quarkus.oidc.client.runtime.AbstractTokensProducer.initTokens(AbstractTokensProducer.java:38)
	at io.quarkus.oidc.client.filter.OidcClientRequestFilter_Subclass.initTokens$$superforward1(OidcClientRequestFilter_Subclass.zig:284)
	at io.quarkus.oidc.client.filter.OidcClientRequestFilter_Subclass$$function$$6.apply(OidcClientRequestFilter_Subclass$$function$$6.zig:24)
	at io.quarkus.arc.impl.AroundInvokeInvocationContext.proceed(AroundInvokeInvocationContext.java:54)
	at io.quarkus.arc.runtime.devconsole.InvocationInterceptor.proceed(InvocationInterceptor.java:62)
	at io.quarkus.arc.runtime.devconsole.InvocationInterceptor.monitor(InvocationInterceptor.java:49)
	at io.quarkus.arc.runtime.devconsole.InvocationInterceptor_Bean.intercept(InvocationInterceptor_Bean.zig:516)
	at io.quarkus.arc.impl.InterceptorInvocation.invoke(InterceptorInvocation.java:41)
	at io.quarkus.arc.impl.AroundInvokeInvocationContext.perform(AroundInvokeInvocationContext.java:41)
	at io.quarkus.arc.impl.InvocationContexts.performAroundInvoke(InvocationContexts.java:32)
	at io.quarkus.oidc.client.filter.OidcClientRequestFilter_Subclass.initTokens(OidcClientRequestFilter_Subclass.zig:777)
	at io.quarkus.oidc.client.runtime.AbstractTokensProducer.init(AbstractTokensProducer.java:33)
	at io.quarkus.oidc.client.filter.OidcClientRequestFilter_Bean.create(OidcClientRequestFilter_Bean.zig:423)
	at io.quarkus.oidc.client.filter.OidcClientRequestFilter_Bean.create(OidcClientRequestFilter_Bean.zig:439)
	at io.quarkus.arc.impl.AbstractSharedContext.createInstanceHandle(AbstractSharedContext.java:96)
	at io.quarkus.arc.impl.AbstractSharedContext$1.get(AbstractSharedContext.java:29)
	at io.quarkus.arc.impl.AbstractSharedContext$1.get(AbstractSharedContext.java:26)
	at io.quarkus.arc.impl.LazyValue.get(LazyValue.java:26)
	at io.quarkus.arc.impl.ComputingCache.computeIfAbsent(ComputingCache.java:69)
	at io.quarkus.arc.impl.AbstractSharedContext.get(AbstractSharedContext.java:26)
	at io.quarkus.oidc.client.filter.OidcClientRequestFilter_Bean.get(OidcClientRequestFilter_Bean.zig:471)
	at io.quarkus.oidc.client.filter.OidcClientRequestFilter_Bean.get(OidcClientRequestFilter_Bean.zig:487)
	at io.quarkus.arc.impl.ArcContainerImpl.beanInstanceHandle(ArcContainerImpl.java:440)
	at io.quarkus.arc.impl.ArcContainerImpl.beanInstanceHandle(ArcContainerImpl.java:453)
	at io.quarkus.arc.impl.ArcContainerImpl$1.get(ArcContainerImpl.java:276)
	at io.quarkus.arc.impl.ArcContainerImpl$1.get(ArcContainerImpl.java:273)
	at io.quarkus.resteasy.common.runtime.QuarkusConstructorInjector.construct(QuarkusConstructorInjector.java:39)
	at org.jboss.resteasy.core.providerfactory.ResteasyProviderFactoryImpl.injectedInstance(ResteasyProviderFactoryImpl.java:1399)
	at io.quarkus.restclient.runtime.QuarkusRestClientBuilder.newInstanceOf(QuarkusRestClientBuilder.java:639)
	at io.quarkus.restclient.runtime.QuarkusRestClientBuilder.register(QuarkusRestClientBuilder.java:644)
	at io.quarkus.restclient.runtime.QuarkusRestClientBuilder.register(QuarkusRestClientBuilder.java:94)
	at io.quarkus.restclient.runtime.RestClientBase.configureProviders(RestClientBase.java:252)
	at io.quarkus.restclient.runtime.RestClientBase.create(RestClientBase.java:60)
	at com.comact.iep.connector.RestConnector_edabb152079c2d8f8f4270897ff5f64752e41a0b_Synthetic_Bean.create(RestConnector_edabb152079c2d8f8f4270897ff5f64752e41a0b_Synthetic_Bean.zig:220)
	at com.comact.iep.connector.RestConnector_edabb152079c2d8f8f4270897ff5f64752e41a0b_Synthetic_Bean.create(RestConnector_edabb152079c2d8f8f4270897ff5f64752e41a0b_Synthetic_Bean.zig:236)
	at io.quarkus.arc.impl.AbstractSharedContext.createInstanceHandle(AbstractSharedContext.java:96)
	at io.quarkus.arc.impl.AbstractSharedContext$1.get(AbstractSharedContext.java:29)
	at io.quarkus.arc.impl.AbstractSharedContext$1.get(AbstractSharedContext.java:26)
	at io.quarkus.arc.impl.LazyValue.get(LazyValue.java:26)
	at io.quarkus.arc.impl.ComputingCache.computeIfAbsent(ComputingCache.java:69)
	at io.quarkus.arc.impl.AbstractSharedContext.get(AbstractSharedContext.java:26)
	at io.quarkus.arc.impl.ClientProxies.getApplicationScopedDelegate(ClientProxies.java:17)
	at com.comact.iep.connector.RestConnector_edabb152079c2d8f8f4270897ff5f64752e41a0b_Synthetic_ClientProxy.arc$delegate(RestConnector_edabb152079c2d8f8f4270897ff5f64752e41a0b_Synthetic_ClientProxy.zig:68)
	at com.comact.iep.connector.RestConnector_edabb152079c2d8f8f4270897ff5f64752e41a0b_Synthetic_ClientProxy.getUser(RestConnector_edabb152079c2d8f8f4270897ff5f64752e41a0b_Synthetic_ClientProxy.zig:128)
	at org.acme.security.openid.connect.UsersResource.getUser(UsersResource.java:59)
	at org.acme.security.openid.connect.UsersResource_Subclass.getUser$$superforward1(UsersResource_Subclass.zig:183)
	at org.acme.security.openid.connect.UsersResource_Subclass$$function$$1.apply(UsersResource_Subclass$$function$$1.zig:24)
	at io.quarkus.arc.impl.AroundInvokeInvocationContext.proceed(AroundInvokeInvocationContext.java:54)
	at io.quarkus.arc.runtime.devconsole.InvocationInterceptor.proceed(InvocationInterceptor.java:62)
	at io.quarkus.arc.runtime.devconsole.InvocationInterceptor.monitor(InvocationInterceptor.java:49)
	at io.quarkus.arc.runtime.devconsole.InvocationInterceptor_Bean.intercept(InvocationInterceptor_Bean.zig:516)
	at io.quarkus.arc.impl.InterceptorInvocation.invoke(InterceptorInvocation.java:41)
	at io.quarkus.arc.impl.AroundInvokeInvocationContext.perform(AroundInvokeInvocationContext.java:41)
	at io.quarkus.arc.impl.InvocationContexts.performAroundInvoke(InvocationContexts.java:32)
	at org.acme.security.openid.connect.UsersResource_Subclass.getUser(UsersResource_Subclass.zig:253)
	at java.base/jdk.internal.reflect.NativeMethodAccessorImpl.invoke0(Native Method)
	at java.base/jdk.internal.reflect.NativeMethodAccessorImpl.invoke(NativeMethodAccessorImpl.java:62)
	at java.base/jdk.internal.reflect.DelegatingMethodAccessorImpl.invoke(DelegatingMethodAccessorImpl.java:43)
	at java.base/java.lang.reflect.Method.invoke(Method.java:566)
	at org.jboss.resteasy.core.MethodInjectorImpl.invoke(MethodInjectorImpl.java:170)
	at org.jboss.resteasy.core.MethodInjectorImpl.invoke(MethodInjectorImpl.java:130)
	at org.jboss.resteasy.core.ResourceMethodInvoker.internalInvokeOnTarget(ResourceMethodInvoker.java:660)
	at org.jboss.resteasy.core.ResourceMethodInvoker.invokeOnTargetAfterFilter(ResourceMethodInvoker.java:524)
	at org.jboss.resteasy.core.ResourceMethodInvoker.lambda$invokeOnTarget$2(ResourceMethodInvoker.java:474)
	at org.jboss.resteasy.core.interception.jaxrs.PreMatchContainerRequestContext.filter(PreMatchContainerRequestContext.java:364)
	at org.jboss.resteasy.core.ResourceMethodInvoker.invokeOnTarget(ResourceMethodInvoker.java:476)
	at org.jboss.resteasy.core.ResourceMethodInvoker.invoke(ResourceMethodInvoker.java:434)
	at org.jboss.resteasy.core.ResourceMethodInvoker.invoke(ResourceMethodInvoker.java:408)
	at org.jboss.resteasy.core.ResourceMethodInvoker.invoke(ResourceMethodInvoker.java:69)
	at org.jboss.resteasy.core.SynchronousDispatcher.invoke(SynchronousDispatcher.java:492)
	... 15 more

2021-11-08 11:32:06,653 bid00112 security-openid-connect-quickstart-dev.jar[23724] INFO  [io.qua.oid.dep.dev.OidcTestServiceHandler] (DEV Console action) Result: 500
2021-11-08 11:32:19,257 bid00112 security-openid-connect-quickstart-dev.jar[23724] WARNING [org.aes.rea.ter.imp.AbstractWindowsTerminal] (Console Shutdown Hook) Failed to write out.
2021-11-08 11:32:19,306 bid00112 security-openid-connect-quickstart-dev.jar[23724] WARNING [org.aes.rea.ter.imp.AbstractWindowsTerminal] (Shutdown thread) Failed to write out.
2021-11-08 11:32:19,304 bid00112 security-openid-connect-quickstart-dev.jar[23724] INFO  [io.quarkus] (Shutdown thread) security-openid-connect-quickstart stopped in 0.047s
